TN:
SF:C:\Users\lol\Desktop\vue3\Backend\CoPilot-master\src\components\404.vue
FNF:0
FNH:0
LF:0
LH:0
BRF:0
BRH:0
end_of_record
TN:
SF:C:\Users\lol\Desktop\vue3\Backend\CoPilot-master\src\api\index.js
FNF:0
FNH:0
DA:6,0
DA:7,0
DA:8,0
DA:11,0
DA:12,0
DA:13,0
DA:16,0
DA:17,0
LF:8
LH:0
BRDA:5,0,0,0
BRDA:6,1,0,0
BRDA:6,1,1,0
BRDA:11,2,0,0
BRDA:11,2,1,0
BRF:5
BRH:0
end_of_record
TN:
SF:C:\Users\lol\Desktop\vue3\Backend\CoPilot-master\src\config\index.js
FN:9,(anonymous_0)
FNF:1
FNH:0
FNDA:0,(anonymous_0)
DA:1,1
DA:2,1
DA:3,1
DA:4,1
DA:9,1
DA:10,0
DA:11,0
DA:12,0
DA:15,0
LF:9
LH:5
BRDA:10,0,0,0
BRDA:10,0,1,0
BRF:2
BRH:0
end_of_record
TN:
SF:C:\Users\lol\Desktop\vue3\Backend\CoPilot-master\src\components\App.vue
FNF:0
FNH:0
DA:11,0
DA:17,0
DA:18,0
DA:20,0
DA:21,0
DA:22,0
DA:25,0
LF:7
LH:0
BRDA:20,0,0,0
BRDA:20,0,1,0
BRF:2
BRH:0
end_of_record
TN:
SF:C:\Users\lol\Desktop\vue3\Backend\CoPilot-master\src\components\Dash.vue
FN:89,(anonymous_0)
FN:96,(anonymous_1)
FN:113,(anonymous_2)
FN:117,(anonymous_3)
FNF:4
FNH:0
FNDA:0,(anonymous_0)
FNDA:0,(anonymous_1)
FNDA:0,(anonymous_2)
FNDA:0,(anonymous_3)
DA:90,0
DA:97,0
DA:101,0
DA:111,0
DA:112,0
DA:114,0
DA:118,0
DA:119,0
DA:120,0
DA:121,0
DA:126,0
DA:127,0
LF:12
LH:0
BRDA:118,0,0,0
BRDA:118,0,1,0
BRDA:118,1,0,0
BRDA:118,1,1,0
BRF:4
BRH:0
end_of_record
TN:
SF:C:\Users\lol\Desktop\vue3\Backend\CoPilot-master\src\components\Sidebar.vue
FN:23,(anonymous_0)
FNF:1
FNH:0
FNDA:0,(anonymous_0)
DA:24,0
LF:1
LH:0
BRF:0
BRH:0
end_of_record
TN:
SF:C:\Users\lol\Desktop\vue3\Backend\CoPilot-master\src\components\SidebarMenu.vue
FNF:0
FNH:0
LF:0
LH:0
BRF:0
BRH:0
end_of_record
TN:
SF:C:\Users\lol\Desktop\vue3\Backend\CoPilot-master\src\components\Login.vue
FN:54,(anonymous_0)
FN:59,(anonymous_1)
FN:65,(anonymous_2)
FNF:3
FNH:0
FNDA:0,(anonymous_0)
FNDA:0,(anonymous_1)
FNDA:0,(anonymous_2)
DA:39,0
DA:47,0
DA:48,0
DA:49,0
DA:50,0
DA:51,0
DA:52,0
DA:53,0
DA:55,0
DA:56,0
DA:57,0
DA:58,0
DA:60,0
DA:61,0
DA:66,0
DA:67,0
LF:16
LH:0
BRDA:55,0,0,0
BRDA:55,0,1,0
BRDA:66,1,0,0
BRDA:66,1,1,0
BRF:4
BRH:0
end_of_record
TN:
SF:C:\Users\lol\Desktop\vue3\Backend\CoPilot-master\src\components\Text.vue
FN:9,(anonymous_0)
FNF:1
FNH:0
FNDA:0,(anonymous_0)
DA:10,0
LF:1
LH:0
BRF:0
BRH:0
end_of_record
TN:
SF:C:\Users\lol\Desktop\vue3\Backend\CoPilot-master\src\components\views\Access.vue
FN:61,(anonymous_0)
FN:62,(anonymous_1)
FN:63,(anonymous_2)
FNF:3
FNH:0
FNDA:0,(anonymous_0)
FNDA:0,(anonymous_1)
FNDA:0,(anonymous_2)
DA:50,1
DA:51,1
DA:56,0
DA:61,0
DA:62,0
DA:63,0
DA:64,0
LF:7
LH:2
BRF:0
BRH:0
end_of_record
TN:
SF:C:\Users\lol\Desktop\vue3\Backend\CoPilot-master\src\demo.js
FNF:0
FNH:0
DA:3,1
DA:35,1
DA:46,1
LF:3
LH:3
BRF:0
BRH:0
end_of_record
TN:
SF:C:\Users\lol\Desktop\vue3\Backend\CoPilot-master\src\components\views\Activities.vue
FN:79,(anonymous_0)
FN:89,(anonymous_1)
FN:97,(anonymous_2)
FN:99,(anonymous_3)
FN:109,(anonymous_4)
FN:111,(anonymous_5)
FN:126,(anonymous_6)
FN:129,(anonymous_7)
FN:138,(anonymous_8)
FNF:9
FNH:0
FNDA:0,(anonymous_0)
FNDA:0,(anonymous_1)
FNDA:0,(anonymous_2)
FNDA:0,(anonymous_3)
FNDA:0,(anonymous_4)
FNDA:0,(anonymous_5)
FNDA:0,(anonymous_6)
FNDA:0,(anonymous_7)
FNDA:0,(anonymous_8)
DA:73,1
DA:74,1
DA:80,0
DA:83,0
DA:89,0
DA:90,0
DA:95,0
DA:96,0
DA:98,0
DA:99,0
DA:100,0
DA:105,0
DA:110,0
DA:112,0
DA:116,0
DA:122,0
DA:127,0
DA:128,0
DA:130,0
LF:19
LH:2
BRF:0
BRH:0
end_of_record
TN:
SF:C:\Users\lol\Desktop\vue3\Backend\CoPilot-master\src\components\views\ActivitiesAdd.vue
FN:150,(anonymous_0)
FN:159,(anonymous_1)
FN:176,(anonymous_2)
FN:182,(anonymous_3)
FNF:4
FNH:0
FNDA:0,(anonymous_0)
FNDA:0,(anonymous_1)
FNDA:0,(anonymous_2)
FNDA:0,(anonymous_3)
DA:92,1
DA:100,0
DA:119,0
DA:124,0
DA:127,0
DA:130,0
DA:131,0
DA:132,0
DA:133,0
DA:134,0
DA:135,0
DA:136,0
DA:137,0
DA:138,0
DA:139,0
DA:140,0
DA:141,0
DA:142,0
DA:143,0
DA:144,0
DA:145,0
DA:146,0
DA:147,0
DA:148,0
DA:149,0
DA:151,0
DA:152,0
DA:156,0
DA:160,0
DA:161,0
DA:165,0
DA:166,0
DA:168,0
DA:169,0
DA:177,0
DA:178,0
DA:179,0
DA:183,0
DA:184,0
DA:185,0
LF:40
LH:1
BRDA:147,0,0,0
BRDA:147,0,1,0
BRDA:147,1,0,0
BRDA:147,1,1,0
BRDA:147,2,0,0
BRDA:147,2,1,0
BRDA:147,3,0,0
BRDA:147,3,1,0
BRDA:147,4,0,0
BRDA:147,4,1,0
BRDA:147,5,0,0
BRDA:147,5,1,0
BRDA:147,6,0,0
BRDA:147,6,1,0
BRDA:147,7,0,0
BRDA:147,7,1,0
BRDA:151,8,0,0
BRDA:151,8,1,0
BRDA:160,9,0,0
BRDA:160,9,1,0
BRDA:165,10,0,0
BRDA:165,10,1,0
BRDA:168,11,0,0
BRDA:168,11,1,0
BRDA:178,12,0,0
BRDA:178,12,1,0
BRDA:184,13,0,0
BRDA:184,13,1,0
BRF:28
BRH:0
end_of_record
TN:
SF:C:\Users\lol\Desktop\vue3\Backend\CoPilot-master\src\components\views\ActivitiesEdit.vue
FN:155,(anonymous_0)
FN:199,(anonymous_1)
FN:224,(anonymous_2)
FN:233,(anonymous_3)
FN:250,(anonymous_4)
FN:256,(anonymous_5)
FNF:6
FNH:0
FNDA:0,(anonymous_0)
FNDA:0,(anonymous_1)
FNDA:0,(anonymous_2)
FNDA:0,(anonymous_3)
FNDA:0,(anonymous_4)
FNDA:0,(anonymous_5)
DA:147,1
DA:156,0
DA:159,0
DA:167,0
DA:186,0
DA:191,0
DA:194,0
DA:197,0
DA:198,0
DA:200,0
DA:204,0
DA:205,0
DA:206,0
DA:207,0
DA:208,0
DA:209,0
DA:210,0
DA:211,0
DA:212,0
DA:213,0
DA:214,0
DA:215,0
DA:216,0
DA:217,0
DA:218,0
DA:219,0
DA:220,0
DA:221,0
DA:223,0
DA:225,0
DA:226,0
DA:230,0
DA:234,0
DA:235,0
DA:239,0
DA:240,0
DA:242,0
DA:243,0
DA:251,0
DA:252,0
DA:253,0
DA:257,0
DA:258,0
DA:259,0
LF:44
LH:1
BRDA:167,0,0,0
BRDA:167,0,1,0
BRDA:225,1,0,0
BRDA:225,1,1,0
BRDA:234,2,0,0
BRDA:234,2,1,0
BRDA:239,3,0,0
BRDA:239,3,1,0
BRDA:242,4,0,0
BRDA:242,4,1,0
BRDA:252,5,0,0
BRDA:252,5,1,0
BRDA:258,6,0,0
BRDA:258,6,1,0
BRF:14
BRH:0
end_of_record
TN:
SF:C:\Users\lol\Desktop\vue3\Backend\CoPilot-master\src\components\views\Bus.vue
FN:66,(anonymous_0)
FN:77,(anonymous_1)
FN:85,(anonymous_2)
FN:87,(anonymous_3)
FN:97,(anonymous_4)
FN:99,(anonymous_5)
FN:114,(anonymous_6)
FN:117,(anonymous_7)
FN:126,(anonymous_8)
FNF:9
FNH:0
FNDA:0,(anonymous_0)
FNDA:0,(anonymous_1)
FNDA:0,(anonymous_2)
FNDA:0,(anonymous_3)
FNDA:0,(anonymous_4)
FNDA:0,(anonymous_5)
FNDA:0,(anonymous_6)
FNDA:0,(anonymous_7)
FNDA:0,(anonymous_8)
DA:61,1
DA:62,1
DA:67,0
DA:70,0
DA:77,0
DA:78,0
DA:83,0
DA:84,0
DA:86,0
DA:87,0
DA:88,0
DA:93,0
DA:98,0
DA:100,0
DA:104,0
DA:110,0
DA:115,0
DA:116,0
DA:118,0
LF:19
LH:2
BRF:0
BRH:0
end_of_record
TN:
SF:C:\Users\lol\Desktop\vue3\Backend\CoPilot-master\src\components\views\BusAdd.vue
FN:106,(anonymous_0)
FNF:1
FNH:0
FNDA:0,(anonymous_0)
DA:72,1
DA:80,0
DA:93,0
DA:98,0
DA:101,0
DA:102,0
DA:103,0
DA:104,0
DA:105,0
DA:107,0
DA:108,0
DA:112,0
LF:12
LH:1
BRDA:107,0,0,0
BRDA:107,0,1,0
BRF:2
BRH:0
end_of_record
TN:
SF:C:\Users\lol\Desktop\vue3\Backend\CoPilot-master\src\components\views\BusEdit.vue
FN:82,(anonymous_0)
FN:108,(anonymous_1)
FN:119,(anonymous_2)
FN:128,(anonymous_3)
FN:145,(anonymous_4)
FN:151,(anonymous_5)
FNF:6
FNH:0
FNDA:0,(anonymous_0)
FNDA:0,(anonymous_1)
FNDA:0,(anonymous_2)
FNDA:0,(anonymous_3)
FNDA:0,(anonymous_4)
FNDA:0,(anonymous_5)
DA:74,1
DA:83,0
DA:86,0
DA:98,0
DA:103,0
DA:106,0
DA:107,0
DA:109,0
DA:113,0
DA:114,0
DA:115,0
DA:116,0
DA:117,0
DA:118,0
DA:120,0
DA:121,0
DA:125,0
DA:129,0
DA:130,0
DA:134,0
DA:135,0
DA:137,0
DA:138,0
DA:146,0
DA:147,0
DA:148,0
DA:152,0
DA:153,0
DA:154,0
LF:29
LH:1
BRDA:120,0,0,0
BRDA:120,0,1,0
BRDA:129,1,0,0
BRDA:129,1,1,0
BRDA:134,2,0,0
BRDA:134,2,1,0
BRDA:137,3,0,0
BRDA:137,3,1,0
BRDA:147,4,0,0
BRDA:147,4,1,0
BRDA:153,5,0,0
BRDA:153,5,1,0
BRF:12
BRH:0
end_of_record
TN:
SF:C:\Users\lol\Desktop\vue3\Backend\CoPilot-master\src\components\views\BusStop.vue
FN:68,(anonymous_0)
FN:78,(anonymous_1)
FN:86,(anonymous_2)
FN:88,(anonymous_3)
FN:98,(anonymous_4)
FN:100,(anonymous_5)
FN:115,(anonymous_6)
FN:118,(anonymous_7)
FN:127,(anonymous_8)
FNF:9
FNH:0
FNDA:0,(anonymous_0)
FNDA:0,(anonymous_1)
FNDA:0,(anonymous_2)
FNDA:0,(anonymous_3)
FNDA:0,(anonymous_4)
FNDA:0,(anonymous_5)
FNDA:0,(anonymous_6)
FNDA:0,(anonymous_7)
FNDA:0,(anonymous_8)
DA:62,1
DA:63,1
DA:69,0
DA:72,0
DA:78,0
DA:79,0
DA:84,0
DA:85,0
DA:87,0
DA:88,0
DA:89,0
DA:94,0
DA:99,0
DA:101,0
DA:105,0
DA:111,0
DA:116,0
DA:117,0
DA:119,0
LF:19
LH:2
BRF:0
BRH:0
end_of_record
TN:
SF:C:\Users\lol\Desktop\vue3\Backend\CoPilot-master\src\components\views\BusStopAdd.vue
FN:152,(anonymous_0)
FN:196,(anonymous_1)
FN:200,(anonymous_2)
FN:208,(anonymous_3)
FN:211,(anonymous_4)
FN:222,(anonymous_5)
FN:231,(anonymous_6)
FN:251,(anonymous_7)
FN:266,(anonymous_8)
FN:279,(anonymous_9)
FNF:10
FNH:0
FNDA:0,(anonymous_0)
FNDA:0,(anonymous_1)
FNDA:0,(anonymous_2)
FNDA:0,(anonymous_3)
FNDA:0,(anonymous_4)
FNDA:0,(anonymous_5)
FNDA:0,(anonymous_6)
FNDA:0,(anonymous_7)
FNDA:0,(anonymous_8)
FNDA:0,(anonymous_9)
DA:145,1
DA:153,0
DA:156,0
DA:182,0
DA:187,0
DA:190,0
DA:191,0
DA:194,0
DA:195,0
DA:197,0
DA:199,0
DA:201,0
DA:205,0
DA:206,0
DA:207,0
DA:209,0
DA:210,0
DA:212,0
DA:213,0
DA:214,0
DA:215,0
DA:216,0
DA:217,0
DA:219,0
DA:221,0
DA:223,0
DA:224,0
DA:228,0
DA:232,0
DA:233,0
DA:237,0
DA:238,0
DA:246,0
DA:247,0
DA:248,0
DA:249,0
DA:250,0
DA:252,0
DA:253,0
DA:257,0
DA:258,0
DA:263,0
DA:264,0
DA:265,0
DA:267,0
DA:268,0
DA:272,0
DA:273,0
DA:280,0
DA:281,0
DA:282,0
LF:51
LH:1
BRDA:216,0,0,0
BRDA:216,0,1,0
BRDA:223,1,0,0
BRDA:223,1,1,0
BRDA:232,2,0,0
BRDA:232,2,1,0
BRDA:237,3,0,0
BRDA:237,3,1,0
BRDA:252,4,0,0
BRDA:252,4,1,0
BRDA:267,5,0,0
BRDA:267,5,1,0
BRDA:281,6,0,0
BRDA:281,6,1,0
BRF:14
BRH:0
end_of_record
TN:
SF:C:\Users\lol\Desktop\vue3\Backend\CoPilot-master\src\components\views\BusStopEdit.vue
FN:99,(anonymous_0)
FN:134,(anonymous_1)
FN:146,(anonymous_2)
FN:150,(anonymous_3)
FN:175,(anonymous_4)
FNF:5
FNH:0
FNDA:0,(anonymous_0)
FNDA:0,(anonymous_1)
FNDA:0,(anonymous_2)
FNDA:0,(anonymous_3)
FNDA:0,(anonymous_4)
DA:91,1
DA:100,0
DA:103,0
DA:124,0
DA:129,0
DA:132,0
DA:133,0
DA:135,0
DA:136,0
DA:137,0
DA:138,0
DA:139,0
DA:140,0
DA:142,0
DA:145,0
DA:147,0
DA:149,0
DA:151,0
DA:155,0
DA:156,0
DA:157,0
DA:158,0
DA:159,0
DA:162,0
DA:163,0
DA:164,0
DA:165,0
DA:168,0
DA:169,0
DA:171,0
DA:173,0
DA:174,0
DA:176,0
DA:177,0
DA:181,0
LF:35
LH:1
BRDA:139,0,0,0
BRDA:139,0,1,0
BRDA:158,1,0,0
BRDA:158,1,1,0
BRDA:164,2,0,0
BRDA:164,2,1,0
BRDA:168,3,0,0
BRDA:168,3,1,0
BRDA:176,4,0,0
BRDA:176,4,1,0
BRF:10
BRH:0
end_of_record
TN:
SF:C:\Users\lol\Desktop\vue3\Backend\CoPilot-master\src\components\views\Code.vue
FN:85,(anonymous_0)
FN:89,(anonymous_1)
FN:119,(anonymous_2)
FN:122,(anonymous_3)
FN:134,(anonymous_4)
FN:141,(anonymous_5)
FN:143,(anonymous_6)
FN:156,(anonymous_7)
FN:158,(anonymous_8)
FN:170,(anonymous_9)
FNF:10
FNH:0
FNDA:0,(anonymous_0)
FNDA:0,(anonymous_1)
FNDA:0,(anonymous_2)
FNDA:0,(anonymous_3)
FNDA:0,(anonymous_4)
FNDA:0,(anonymous_5)
FNDA:0,(anonymous_6)
FNDA:0,(anonymous_7)
FNDA:0,(anonymous_8)
FNDA:0,(anonymous_9)
DA:79,1
DA:80,1
DA:81,1
DA:86,0
DA:89,0
DA:90,0
DA:95,0
DA:114,0
DA:115,0
DA:116,0
DA:117,0
DA:118,0
DA:119,0
DA:120,0
DA:121,0
DA:126,0
DA:129,0
DA:130,0
DA:131,0
DA:132,0
DA:133,0
DA:139,0
DA:140,0
DA:142,0
DA:143,0
DA:144,0
DA:146,0
DA:147,0
DA:152,0
DA:157,0
DA:159,0
DA:163,0
DA:171,0
DA:172,0
DA:173,0
LF:35
LH:3
BRDA:120,0,0,0
BRDA:120,0,1,0
BRF:2
BRH:0
end_of_record
TN:
SF:C:\Users\lol\Desktop\vue3\Backend\CoPilot-master\src\components\views\CodeEdit.vue
FN:62,(anonymous_0)
FN:74,(anonymous_1)
FN:83,(anonymous_2)
FNF:3
FNH:0
FNDA:0,(anonymous_0)
FNDA:0,(anonymous_1)
FNDA:0,(anonymous_2)
DA:46,1
DA:55,0
DA:63,0
DA:67,0
DA:72,0
DA:73,0
DA:75,0
DA:79,0
DA:80,0
DA:81,0
DA:82,0
DA:84,0
DA:85,0
DA:89,0
LF:14
LH:1
BRDA:84,0,0,0
BRDA:84,0,1,0
BRF:2
BRH:0
end_of_record
TN:
SF:C:\Users\lol\Desktop\vue3\Backend\CoPilot-master\src\components\views\Courses.vue
FN:83,(anonymous_0)
FN:87,(anonymous_1)
FN:102,(anonymous_2)
FN:104,(anonymous_3)
FN:114,(anonymous_4)
FN:116,(anonymous_5)
FN:131,(anonymous_6)
FN:134,(anonymous_7)
FN:143,(anonymous_8)
FNF:9
FNH:0
FNDA:0,(anonymous_0)
FNDA:0,(anonymous_1)
FNDA:0,(anonymous_2)
FNDA:0,(anonymous_3)
FNDA:0,(anonymous_4)
FNDA:0,(anonymous_5)
FNDA:0,(anonymous_6)
FNDA:0,(anonymous_7)
FNDA:0,(anonymous_8)
DA:78,1
DA:79,1
DA:84,0
DA:87,0
DA:88,0
DA:92,0
DA:100,0
DA:101,0
DA:103,0
DA:104,0
DA:105,0
DA:110,0
DA:115,0
DA:117,0
DA:121,0
DA:127,0
DA:132,0
DA:133,0
DA:135,0
LF:19
LH:2
BRF:0
BRH:0
end_of_record
TN:
SF:C:\Users\lol\Desktop\vue3\Backend\CoPilot-master\src\components\views\CoursesAdd.vue
FN:260,(anonymous_0)
FN:269,(anonymous_1)
FN:286,(anonymous_2)
FN:292,(anonymous_3)
FNF:4
FNH:0
FNDA:0,(anonymous_0)
FNDA:0,(anonymous_1)
FNDA:0,(anonymous_2)
FNDA:0,(anonymous_3)
DA:178,1
DA:186,0
DA:197,0
DA:218,0
DA:223,0
DA:226,0
DA:229,0
DA:230,0
DA:234,0
DA:235,0
DA:236,0
DA:237,0
DA:238,0
DA:239,0
DA:240,0
DA:241,0
DA:242,0
DA:243,0
DA:244,0
DA:245,0
DA:246,0
DA:247,0
DA:248,0
DA:249,0
DA:250,0
DA:251,0
DA:252,0
DA:253,0
DA:254,0
DA:255,0
DA:256,0
DA:257,0
DA:259,0
DA:261,0
DA:262,0
DA:266,0
DA:270,0
DA:271,0
DA:275,0
DA:276,0
DA:278,0
DA:279,0
DA:287,0
DA:288,0
DA:289,0
DA:293,0
DA:294,0
DA:295,0
LF:48
LH:1
BRDA:197,0,0,0
BRDA:197,0,1,0
BRDA:229,1,0,0
BRDA:229,1,1,0
BRDA:254,2,0,0
BRDA:254,2,1,0
BRDA:254,3,0,0
BRDA:254,3,1,0
BRDA:254,4,0,0
BRDA:254,4,1,0
BRDA:254,5,0,0
BRDA:254,5,1,0
BRDA:254,6,0,0
BRDA:254,6,1,0
BRDA:254,7,0,0
BRDA:254,7,1,0
BRDA:254,8,0,0
BRDA:254,8,1,0
BRDA:254,9,0,0
BRDA:254,9,1,0
BRDA:256,10,0,0
BRDA:256,10,1,0
BRDA:261,11,0,0
BRDA:261,11,1,0
BRDA:270,12,0,0
BRDA:270,12,1,0
BRDA:275,13,0,0
BRDA:275,13,1,0
BRDA:278,14,0,0
BRDA:278,14,1,0
BRDA:288,15,0,0
BRDA:288,15,1,0
BRDA:294,16,0,0
BRDA:294,16,1,0
BRF:34
BRH:0
end_of_record
TN:
SF:C:\Users\lol\Desktop\vue3\Backend\CoPilot-master\src\components\views\CoursesEdit.vue
FN:217,(anonymous_0)
FN:229,(anonymous_1)
FN:267,(anonymous_2)
FN:276,(anonymous_3)
FN:296,(anonymous_4)
FN:302,(anonymous_5)
FNF:6
FNH:0
FNDA:0,(anonymous_0)
FNDA:0,(anonymous_1)
FNDA:0,(anonymous_2)
FNDA:0,(anonymous_3)
FNDA:0,(anonymous_4)
FNDA:0,(anonymous_5)
DA:182,1
DA:191,0
DA:199,0
DA:218,0
DA:222,0
DA:227,0
DA:228,0
DA:230,0
DA:234,0
DA:237,0
DA:238,0
DA:242,0
DA:243,0
DA:244,0
DA:245,0
DA:246,0
DA:247,0
DA:248,0
DA:249,0
DA:250,0
DA:251,0
DA:252,0
DA:253,0
DA:254,0
DA:255,0
DA:256,0
DA:257,0
DA:258,0
DA:259,0
DA:260,0
DA:261,0
DA:262,0
DA:263,0
DA:264,0
DA:266,0
DA:268,0
DA:269,0
DA:273,0
DA:277,0
DA:278,0
DA:282,0
DA:283,0
DA:285,0
DA:286,0
DA:292,0
DA:297,0
DA:298,0
DA:299,0
DA:303,0
DA:304,0
DA:305,0
LF:51
LH:1
BRDA:199,0,0,0
BRDA:199,0,1,0
BRDA:237,1,0,0
BRDA:237,1,1,0
BRDA:261,2,0,0
BRDA:261,2,1,0
BRDA:261,3,0,0
BRDA:261,3,1,0
BRDA:261,4,0,0
BRDA:261,4,1,0
BRDA:261,5,0,0
BRDA:261,5,1,0
BRDA:261,6,0,0
BRDA:261,6,1,0
BRDA:261,7,0,0
BRDA:261,7,1,0
BRDA:261,8,0,0
BRDA:261,8,1,0
BRDA:261,9,0,0
BRDA:261,9,1,0
BRDA:263,10,0,0
BRDA:263,10,1,0
BRDA:268,11,0,0
BRDA:268,11,1,0
BRDA:277,12,0,0
BRDA:277,12,1,0
BRDA:282,13,0,0
BRDA:282,13,1,0
BRDA:285,14,0,0
BRDA:285,14,1,0
BRDA:298,15,0,0
BRDA:298,15,1,0
BRDA:304,16,0,0
BRDA:304,16,1,0
BRF:34
BRH:0
end_of_record
TN:
SF:C:\Users\lol\Desktop\vue3\Backend\CoPilot-master\src\components\views\Dashboard.vue
FN:107,(anonymous_0)
FN:114,(anonymous_1)
FN:119,(anonymous_2)
FN:123,(anonymous_3)
FN:127,(anonymous_4)
FN:130,(anonymous_5)
FNF:6
FNH:0
FNDA:0,(anonymous_0)
FNDA:0,(anonymous_1)
FNDA:0,(anonymous_2)
FNDA:0,(anonymous_3)
FNDA:0,(anonymous_4)
FNDA:0,(anonymous_5)
DA:98,0
DA:108,0
DA:112,0
DA:113,0
DA:115,0
DA:116,0
DA:118,0
DA:120,0
DA:122,0
DA:124,0
DA:126,0
DA:128,0
DA:131,0
DA:132,0
DA:133,0
DA:134,0
DA:141,0
LF:17
LH:0
BRDA:131,0,0,0
BRDA:131,0,1,0
BRDA:131,1,0,0
BRDA:131,1,1,0
BRDA:141,2,0,0
BRDA:141,2,1,0
BRF:6
BRH:0
end_of_record
TN:
SF:C:\Users\lol\Desktop\vue3\Backend\CoPilot-master\src\components\views\Food.vue
FN:65,(anonymous_0)
FN:75,(anonymous_1)
FN:83,(anonymous_2)
FN:95,(anonymous_3)
FN:98,(anonymous_4)
FN:107,(anonymous_5)
FNF:6
FNH:0
FNDA:0,(anonymous_0)
FNDA:0,(anonymous_1)
FNDA:0,(anonymous_2)
FNDA:0,(anonymous_3)
FNDA:0,(anonymous_4)
FNDA:0,(anonymous_5)
DA:59,1
DA:60,1
DA:66,0
DA:69,0
DA:75,0
DA:76,0
DA:81,0
DA:82,0
DA:84,0
DA:91,0
DA:96,0
DA:97,0
DA:99,0
LF:13
LH:2
BRF:0
BRH:0
end_of_record
TN:
SF:C:\Users\lol\Desktop\vue3\Backend\CoPilot-master\src\components\views\FoodAdd.vue
FNF:0
FNH:0
DA:101,1
DA:108,0
DA:120,0
DA:125,0
LF:4
LH:1
BRF:0
BRH:0
end_of_record
TN:
SF:C:\Users\lol\Desktop\vue3\Backend\CoPilot-master\src\components\views\FoodEdit.vue
FN:92,(anonymous_0)
FN:118,(anonymous_1)
FN:129,(anonymous_2)
FN:138,(anonymous_3)
FN:155,(anonymous_4)
FN:161,(anonymous_5)
FNF:6
FNH:0
FNDA:0,(anonymous_0)
FNDA:0,(anonymous_1)
FNDA:0,(anonymous_2)
FNDA:0,(anonymous_3)
FNDA:0,(anonymous_4)
FNDA:0,(anonymous_5)
DA:84,1
DA:93,0
DA:96,0
DA:108,0
DA:113,0
DA:116,0
DA:117,0
DA:119,0
DA:124,0
DA:125,0
DA:126,0
DA:127,0
DA:128,0
DA:130,0
DA:131,0
DA:135,0
DA:139,0
DA:140,0
DA:144,0
DA:145,0
DA:147,0
DA:148,0
DA:156,0
DA:157,0
DA:158,0
DA:162,0
DA:163,0
DA:164,0
LF:28
LH:1
BRDA:130,0,0,0
BRDA:130,0,1,0
BRDA:139,1,0,0
BRDA:139,1,1,0
BRDA:144,2,0,0
BRDA:144,2,1,0
BRDA:147,3,0,0
BRDA:147,3,1,0
BRDA:157,4,0,0
BRDA:157,4,1,0
BRDA:163,5,0,0
BRDA:163,5,1,0
BRF:12
BRH:0
end_of_record
TN:
SF:C:\Users\lol\Desktop\vue3\Backend\CoPilot-master\src\components\views\Repos.vue
FN:65,(anonymous_0)
FN:75,(anonymous_1)
FNF:2
FNH:0
FNDA:0,(anonymous_0)
FNDA:0,(anonymous_1)
DA:56,0
DA:64,0
DA:66,0
DA:68,0
DA:69,0
DA:70,0
DA:73,0
DA:77,0
DA:78,0
DA:83,0
LF:10
LH:0
BRDA:68,0,0,0
BRDA:68,0,1,0
BRF:2
BRH:0
end_of_record
TN:
SF:C:\Users\lol\Desktop\vue3\Backend\CoPilot-master\src\components\views\Server.vue
FNF:0
FNH:0
DA:28,0
LF:1
LH:0
BRF:0
BRH:0
end_of_record
TN:
SF:C:\Users\lol\Desktop\vue3\Backend\CoPilot-master\src\components\views\Setting.vue
FNF:0
FNH:0
DA:102,1
DA:110,0
DA:115,0
LF:3
LH:1
BRF:0
BRH:0
end_of_record
TN:
SF:C:\Users\lol\Desktop\vue3\Backend\CoPilot-master\src\components\views\Tables.vue
FN:208,(anonymous_0)
FNF:1
FNH:0
FNDA:0,(anonymous_0)
DA:201,1
DA:202,1
DA:208,0
DA:209,0
LF:4
LH:2
BRF:0
BRH:0
end_of_record
TN:
SF:C:\Users\lol\Desktop\vue3\Backend\CoPilot-master\src\components\views\Tasks.vue
FNF:0
FNH:0
DA:37,0
DA:40,0
LF:2
LH:0
BRF:0
BRH:0
end_of_record
TN:
SF:C:\Users\lol\Desktop\vue3\Backend\CoPilot-master\src\components\views\User.vue
FN:79,(anonymous_0)
FN:89,(anonymous_1)
FN:97,(anonymous_2)
FN:99,(anonymous_3)
FN:109,(anonymous_4)
FN:111,(anonymous_5)
FN:126,(anonymous_6)
FN:129,(anonymous_7)
FN:138,(anonymous_8)
FNF:9
FNH:0
FNDA:0,(anonymous_0)
FNDA:0,(anonymous_1)
FNDA:0,(anonymous_2)
FNDA:0,(anonymous_3)
FNDA:0,(anonymous_4)
FNDA:0,(anonymous_5)
FNDA:0,(anonymous_6)
FNDA:0,(anonymous_7)
FNDA:0,(anonymous_8)
DA:74,1
DA:75,1
DA:80,0
DA:83,0
DA:89,0
DA:90,0
DA:95,0
DA:96,0
DA:98,0
DA:99,0
DA:100,0
DA:105,0
DA:110,0
DA:112,0
DA:116,0
DA:122,0
DA:127,0
DA:128,0
DA:130,0
LF:19
LH:2
BRF:0
BRH:0
end_of_record
TN:
SF:C:\Users\lol\Desktop\vue3\Backend\CoPilot-master\src\components\views\UserAdd.vue
FN:206,(anonymous_0)
FN:215,(anonymous_1)
FN:235,(anonymous_2)
FN:241,(anonymous_3)
FN:247,(anonymous_4)
FNF:5
FNH:0
FNDA:0,(anonymous_0)
FNDA:0,(anonymous_1)
FNDA:0,(anonymous_2)
FNDA:0,(anonymous_3)
FNDA:0,(anonymous_4)
DA:156,1
DA:164,0
DA:185,0
DA:190,0
DA:193,0
DA:194,0
DA:195,0
DA:196,0
DA:197,0
DA:198,0
DA:199,0
DA:200,0
DA:201,0
DA:202,0
DA:203,0
DA:204,0
DA:205,0
DA:207,0
DA:208,0
DA:212,0
DA:216,0
DA:217,0
DA:221,0
DA:222,0
DA:224,0
DA:225,0
DA:227,0
DA:228,0
DA:236,0
DA:237,0
DA:238,0
DA:242,0
DA:243,0
DA:244,0
DA:248,0
DA:249,0
DA:250,0
LF:37
LH:1
BRDA:207,0,0,0
BRDA:207,0,1,0
BRDA:216,1,0,0
BRDA:216,1,1,0
BRDA:221,2,0,0
BRDA:221,2,1,0
BRDA:224,3,0,0
BRDA:224,3,1,0
BRDA:227,4,0,0
BRDA:227,4,1,0
BRDA:237,5,0,0
BRDA:237,5,1,0
BRDA:243,6,0,0
BRDA:243,6,1,0
BRDA:249,7,0,0
BRDA:249,7,1,0
BRF:16
BRH:0
end_of_record
TN:
SF:C:\Users\lol\Desktop\vue3\Backend\CoPilot-master\src\components\views\UserEdit.vue
FN:159,(anonymous_0)
FN:194,(anonymous_1)
FN:213,(anonymous_2)
FN:222,(anonymous_3)
FN:242,(anonymous_4)
FN:248,(anonymous_5)
FN:254,(anonymous_6)
FNF:7
FNH:0
FNDA:0,(anonymous_0)
FNDA:0,(anonymous_1)
FNDA:0,(anonymous_2)
FNDA:0,(anonymous_3)
FNDA:0,(anonymous_4)
FNDA:0,(anonymous_5)
FNDA:0,(anonymous_6)
DA:151,1
DA:160,0
DA:163,0
DA:184,0
DA:189,0
DA:192,0
DA:193,0
DA:195,0
DA:199,0
DA:200,0
DA:201,0
DA:202,0
DA:203,0
DA:204,0
DA:205,0
DA:206,0
DA:207,0
DA:208,0
DA:209,0
DA:210,0
DA:211,0
DA:212,0
DA:214,0
DA:215,0
DA:219,0
DA:223,0
DA:224,0
DA:228,0
DA:229,0
DA:231,0
DA:232,0
DA:234,0
DA:235,0
DA:243,0
DA:244,0
DA:245,0
DA:249,0
DA:250,0
DA:251,0
DA:255,0
DA:256,0
DA:257,0
LF:42
LH:1
BRDA:214,0,0,0
BRDA:214,0,1,0
BRDA:223,1,0,0
BRDA:223,1,1,0
BRDA:228,2,0,0
BRDA:228,2,1,0
BRDA:231,3,0,0
BRDA:231,3,1,0
BRDA:234,4,0,0
BRDA:234,4,1,0
BRDA:244,5,0,0
BRDA:244,5,1,0
BRDA:250,6,0,0
BRDA:250,6,1,0
BRDA:256,7,0,0
BRDA:256,7,1,0
BRF:16
BRH:0
end_of_record
TN:
SF:C:\Users\lol\Desktop\vue3\Backend\CoPilot-master\src\components\views\Util.vue
FN:69,(anonymous_0)
FN:81,(anonymous_1)
FN:89,(anonymous_2)
FN:98,(anonymous_3)
FN:109,(anonymous_4)
FN:111,(anonymous_5)
FN:123,(anonymous_6)
FNF:7
FNH:0
FNDA:0,(anonymous_0)
FNDA:0,(anonymous_1)
FNDA:0,(anonymous_2)
FNDA:0,(anonymous_3)
FNDA:0,(anonymous_4)
FNDA:0,(anonymous_5)
FNDA:0,(anonymous_6)
DA:64,1
DA:65,1
DA:70,0
DA:74,0
DA:81,0
DA:82,0
DA:87,0
DA:88,0
DA:90,0
DA:91,0
DA:92,0
DA:93,0
DA:94,0
DA:95,0
DA:97,0
DA:98,0
DA:99,0
DA:105,0
DA:110,0
DA:112,0
DA:116,0
LF:21
LH:2
BRDA:91,0,0,0
BRDA:91,0,1,0
BRDA:97,1,0,0
BRDA:97,1,1,0
BRF:4
BRH:0
end_of_record
TN:
SF:C:\Users\lol\Desktop\vue3\Backend\CoPilot-master\src\components\views\UtilEdit.vue
FN:62,(anonymous_0)
FN:74,(anonymous_1)
FN:83,(anonymous_2)
FNF:3
FNH:0
FNDA:0,(anonymous_0)
FNDA:0,(anonymous_1)
FNDA:0,(anonymous_2)
DA:46,1
DA:55,0
DA:63,0
DA:67,0
DA:72,0
DA:73,0
DA:75,0
DA:79,0
DA:80,0
DA:81,0
DA:82,0
DA:84,0
DA:85,0
DA:89,0
LF:14
LH:1
BRDA:84,0,0,0
BRDA:84,0,1,0
BRF:2
BRH:0
end_of_record
TN:
SF:C:\Users\lol\Desktop\vue3\Backend\CoPilot-master\src\filters\index.js
FN:3,domain
FN:8,count
FN:12,prettyDate
FN:17,pluralize
FNF:4
FNH:0
FNDA:0,domain
FNDA:0,count
FNDA:0,prettyDate
FNDA:0,pluralize
DA:1,1
DA:4,0
DA:5,0
DA:9,0
DA:13,0
DA:14,0
DA:18,0
DA:19,0
DA:22,0
LF:9
LH:1
BRDA:18,0,0,0
BRDA:18,0,1,0
BRF:2
BRH:0
end_of_record
TN:
SF:C:\Users\lol\Desktop\vue3\Backend\CoPilot-master\src\routes.js
FN:37,(anonymous_0)
FN:224,(anonymous_1)
FNF:2
FNH:0
FNDA:0,(anonymous_0)
FNDA:0,(anonymous_1)
DA:32,1
DA:34,1
DA:37,0
DA:56,0
DA:224,1
DA:225,0
DA:226,0
DA:227,0
DA:228,0
DA:230,0
DA:233,0
LF:11
LH:3
BRDA:225,0,0,0
BRDA:225,0,1,0
BRDA:227,1,0,0
BRDA:227,1,1,0
BRF:4
BRH:0
end_of_record
TN:
SF:C:\Users\lol\Desktop\vue3\Backend\CoPilot-master\src\store\actions.js
FNF:0
FNH:0
LF:0
LH:0
BRF:0
BRH:0
end_of_record
TN:
SF:C:\Users\lol\Desktop\vue3\Backend\CoPilot-master\src\store\index.js
FNF:0
FNH:0
DA:7,1
LF:1
LH:1
BRF:0
BRH:0
end_of_record
TN:
SF:C:\Users\lol\Desktop\vue3\Backend\CoPilot-master\src\store\state.js
FNF:0
FNH:0
DA:1,1
LF:1
LH:1
BRF:0
BRH:0
end_of_record
TN:
SF:C:\Users\lol\Desktop\vue3\Backend\CoPilot-master\src\store\mutations.js
FNF:0
FNH:0
DA:3,0
DA:6,0
DA:9,0
DA:12,0
LF:4
LH:0
BRDA:6,0,0,0
BRDA:6,0,1,0
BRF:2
BRH:0
end_of_record
